Arguments: 
  C:\Program Files\nodejs\node.exe C:\Users\beena\AppData\Roaming\npm\node_modules\yarn\bin\yarn.js add *

PATH: 
  C:\Program Files (x86)\Common Files\Intel\Shared Libraries\redist\intel64_win\compiler;C:\Program Files\Common Files\Oracle\Java\javapath;C:\Program Files (x86)\Common Files\Oracle\Java\javapath;C:\Program Files\Eclipse Adoptium\jdk-17.0.1.12-hotspot\bin;C:\Python39\Scripts\;C:\Python39\;C:\Program Files (x86)\Razer Chroma SDK\bin;C:\Program Files\Razer Chroma SDK\bin;C:\Program Files (x86)\Common Files\Intel\Shared Libraries\redist\intel64\compiler;C:\Program Files (x86)\Razer\ChromaBroadcast\bin;C:\Program Files\Razer\ChromaBroadcast\bin;C:\Windows\system32;C:\Windows;C:\Windows\System32\Wbem;C:\Windows\System32\WindowsPowerShell\v1.0\;C:\Windows\System32\OpenSSH\;C:\Program Files\NVIDIA Corporation\NVIDIA NvDLISR;C:\Users\beena\AppData\Local\Microsoft\WindowsApps;C:\Program Files (x86)\QuickTime\QTSystem\;C:\Windows\system32\config\systemprofile\AppData\Local\Microsoft\WindowsApps;C:\Program Files (x86)\NVIDIA Corporation\PhysX\Common;C:\Program Files\dotnet\;C:\ProgramData\chocolatey\bin;C:\Program Files\Git\cmd;C:\WINDOWS\system32;C:\WINDOWS;C:\WINDOWS\System32\Wbem;C:\WINDOWS\System32\WindowsPowerShell\v1.0\;C:\WINDOWS\System32\OpenSSH\;;C:\Program Files\Docker\Docker\resources\bin;C:\ProgramData\DockerDesktop\version-bin;C:\Program Files\nodejs\;D:\PuttY\;D:\Python\Scripts\;D:\Python\;C:\Users\beena\AppData\Local\Microsoft\WindowsApps;C:\Users\beena\AppData\Local\Programs\Microsoft VS Code\bin;C:\Users\beena\.dotnet\tools;C:\Users\beena\AppData\Local\GitHubDesktop\bin;C:\Users\beena\AppData\Roaming\npm;

Yarn version: 
  1.22.18

Node version: 
  16.14.0

Platform: 
  win32 x64

Trace: 
  Error: https://registry.yarnpkg.com/*: Not found
      at Request.params.callback [as _callback] (C:\Users\beena\AppData\Roaming\npm\node_modules\yarn\lib\cli.js:66138:18)
      at Request.self.callback (C:\Users\beena\AppData\Roaming\npm\node_modules\yarn\lib\cli.js:140883:22)
      at Request.emit (node:events:520:28)
      at Request.<anonymous> (C:\Users\beena\AppData\Roaming\npm\node_modules\yarn\lib\cli.js:141855:10)
      at Request.emit (node:events:520:28)
      at IncomingMessage.<anonymous> (C:\Users\beena\AppData\Roaming\npm\node_modules\yarn\lib\cli.js:141777:12)
      at Object.onceWrapper (node:events:639:28)
      at IncomingMessage.emit (node:events:532:35)
      at endReadableNT (node:internal/streams/readable:1346:12)
      at processTicksAndRejections (node:internal/process/task_queues:83:21)

npm manifest: 
  {
    "dependencies": {
      "@sapphire/framework": "^3.1.4",
      "discord.js": "13.x",
      "dotenv": "^16.0.3"
    },
    "name": "Alambic",
    "version": "1.0.0",
    "main": "index.js",
    "license": "MIT"
  }

yarn manifest: 
  No manifest

Lockfile: 
  # THIS IS AN AUTOGENERATED FILE. DO NOT EDIT THIS FILE DIRECTLY.
  # yarn lockfile v1
  
  
  "@discordjs/builders@^0.16.0":
    version "0.16.0"
    resolved "https://registry.yarnpkg.com/@discordjs/builders/-/builders-0.16.0.tgz#3201f57fa57c4dd77aebb480cf47da77b7ba2e8c"
    integrity sha512-9/NCiZrLivgRub2/kBc0Vm5pMBE5AUdYbdXsLu/yg9ANgvnaJ0bZKTY8yYnLbsEc/LYUP79lEIdC73qEYhWq7A==
    dependencies:
      "@sapphire/shapeshift" "^3.5.1"
      discord-api-types "^0.36.2"
      fast-deep-equal "^3.1.3"
      ts-mixer "^6.0.1"
      tslib "^2.4.0"
  
  "@discordjs/collection@^0.7.0":
    version "0.7.0"
    resolved "https://registry.yarnpkg.com/@discordjs/collection/-/collection-0.7.0.tgz#1a6c00198b744ba2b73a64442145da637ac073b8"
    integrity sha512-R5i8Wb8kIcBAFEPLLf7LVBQKBDYUL+ekb23sOgpkpyGT+V4P7V83wTxcsqmX+PbqHt4cEHn053uMWfRqh/Z/nA==
  
  "@discordjs/collection@^1.2.0":
    version "1.3.0"
    resolved "https://registry.yarnpkg.com/@discordjs/collection/-/collection-1.3.0.tgz#65bf9674db72f38c25212be562bb28fa0dba6aa3"
    integrity sha512-ylt2NyZ77bJbRij4h9u/wVy7qYw/aDqQLWnadjvDqW/WoWCxrsX6M3CIw9GVP5xcGCDxsrKj5e0r5evuFYwrKg==
  
  "@sapphire/async-queue@^1.5.0":
    version "1.5.0"
    resolved "https://registry.yarnpkg.com/@sapphire/async-queue/-/async-queue-1.5.0.tgz#2f255a3f186635c4fb5a2381e375d3dfbc5312d8"
    integrity sha512-JkLdIsP8fPAdh9ZZjrbHWR/+mZj0wvKS5ICibcLrRI1j84UmLMshx5n9QmL8b95d4onJ2xxiyugTgSAX7AalmA==
  
  "@sapphire/discord-utilities@^2.12.0":
    version "2.12.0"
    resolved "https://registry.yarnpkg.com/@sapphire/discord-utilities/-/discord-utilities-2.12.0.tgz#d0ec3d345877593142cddbfcd08e5420868bf055"
    integrity sha512-E/Qqb8PwEoX/WLVfcGvTglTgEGGcc/2rGtKBqhMcHcEEtNIY8dhQVYbW/KMNJpR/J81OqUJquVzpkzRe6fQWiw==
    dependencies:
      discord-api-types "^0.36.3"
  
  "@sapphire/discord.js-utilities@^5.1.2":
    version "5.1.2"
    resolved "https://registry.yarnpkg.com/@sapphire/discord.js-utilities/-/discord.js-utilities-5.1.2.tgz#0dec0c700375fa5f787d2f9ebd7fdaed7bcc5a95"
    integrity sha512-zKXUkVzueT3Zag9D/ubpey0g/vLXLCVVFlmYoZqpkx1HsTLSTKz4hxbD7IQ/8q7rvI5Pm/Ex1jajPHMLXKmlpw==
    dependencies:
      "@sapphire/discord-utilities" "^2.12.0"
      "@sapphire/duration" "^1.0.0"
      "@sapphire/utilities" "^3.11.0"
      tslib "^2.4.1"
  
  "@sapphire/duration@^1.0.0":
    version "1.0.0"
    resolved "https://registry.yarnpkg.com/@sapphire/duration/-/duration-1.0.0.tgz#baec4898ee71099093580db774474b25167150ff"
    integrity sha512-B+6nKYnBmIlqqbamcR4iBvbQHz6/Kq2JUVM0rA3lQ+aYUYDdcA1Spt66CKtPWwdTYEtSv0VY6Jv27WCtFNYTUg==
  
  "@sapphire/framework@^3.1.4":
    version "3.1.4"
    resolved "https://registry.yarnpkg.com/@sapphire/framework/-/framework-3.1.4.tgz#1f880ed1e39e5aa300ef87f9f3a7f3b846a8625b"
    integrity sha512-IuivG0V/fRkBb5F7TTjgIEl9XIMZ57HjpJ31+Aev0FwYDW6/WqHXUjLE3FLUWQ1gZsDNpnu1C0c1qW4VkLdzKg==
    dependencies:
      "@discordjs/builders" "^0.16.0"
      "@sapphire/discord-utilities" "^2.12.0"
      "@sapphire/discord.js-utilities" "^5.1.2"
      "@sapphire/lexure" "^1.1.2"
      "@sapphire/pieces" "^3.6.0"
      "@sapphire/ratelimits" "^2.4.5"
      "@sapphire/result" "^2.6.0"
      "@sapphire/stopwatch" "^1.5.0"
      "@sapphire/utilities" "^3.11.0"
  
  "@sapphire/lexure@^1.1.2":
    version "1.1.2"
    resolved "https://registry.yarnpkg.com/@sapphire/lexure/-/lexure-1.1.2.tgz#219b91a0b2165d0e6b34c773e592141b2b1b92e1"
    integrity sha512-+v3P3EMDdFoybHH7c7cMcz30jEyxujkxWu5f958cf/Sm27fMM0IqwILnNFUpExZCBAueEM/eoSgbRl4q+K+0jg==
    dependencies:
      "@sapphire/result" "^2.6.0"
  
  "@sapphire/pieces@^3.6.0":
    version "3.6.0"
    resolved "https://registry.yarnpkg.com/@sapphire/pieces/-/pieces-3.6.0.tgz#e0017f39255a5711ca5bc4794ad28b97cd464445"
    integrity sha512-6Zd6as4e8501NLbjbjTxsi0lVkT850kJroqyjBZClBW32Izr+1XW6sGQM/hl3Pil1/L4QMQqu4khszHejtnbjA==
    dependencies:
      "@discordjs/collection" "^1.2.0"
      "@sapphire/utilities" "^3.11.0"
      tslib "^2.4.0"
  
  "@sapphire/ratelimits@^2.4.5":
    version "2.4.5"
    resolved "https://registry.yarnpkg.com/@sapphire/ratelimits/-/ratelimits-2.4.5.tgz#40049436fcd3694acb8ddaf2eb61ea0963a0f9a0"
    integrity sha512-2wqpVPRaPUE+CWStLm6wGLj1uA4Ln/9qbH4Ue/eCHC6/R5lJz0+8nGD1LpiYOcyeVLTHbmwODGeD92obkPej2g==
    dependencies:
      "@sapphire/timer-manager" "^1.0.0"
  
  "@sapphire/result@^2.6.0":
    version "2.6.0"
    resolved "https://registry.yarnpkg.com/@sapphire/result/-/result-2.6.0.tgz#0d29996fb96403b76018a2fa8f10198f4c65d06e"
    integrity sha512-gdW6n/oDZ8aC1439Ub3RiLQ6L4VHAxbN0AhGJWNkEZ6Z6Ww2V62fwRiA/73OPfgYQKXk9ljhAFiqNO91KAonHQ==
  
  "@sapphire/shapeshift@^3.5.1":
    version "3.8.1"
    resolved "https://registry.yarnpkg.com/@sapphire/shapeshift/-/shapeshift-3.8.1.tgz#b98dc6a7180f9b38219267917b2e6fa33f9ec656"
    integrity sha512-xG1oXXBhCjPKbxrRTlox9ddaZTvVpOhYLmKmApD/vIWOV1xEYXnpoFs68zHIZBGbqztq6FrUPNPerIrO1Hqeaw==
    dependencies:
      fast-deep-equal "^3.1.3"
      lodash "^4.17.21"
  
  "@sapphire/stopwatch@^1.5.0":
    version "1.5.0"
    resolved "https://registry.yarnpkg.com/@sapphire/stopwatch/-/stopwatch-1.5.0.tgz#4acf7352f969f0c81d69a838ecbfc8b6026ff660"
    integrity sha512-DtyKugdy3JTqm6JnEepTY64fGJAqlusDVrlrzifEgSCfGYCqpvB+SBldkWtDH+z+zLcp+PyaFLq7xpVfkhmvGg==
    dependencies:
      tslib "^2.4.0"
  
  "@sapphire/timer-manager@^1.0.0":
    version "1.0.0"
    resolved "https://registry.yarnpkg.com/@sapphire/timer-manager/-/timer-manager-1.0.0.tgz#e8ecf15a7042ee611048b4f90fab1399653d3934"
    integrity sha512-vxxnv75QPMGKt6IB6nL2xRJfwzcUQ9DBGzJLg6G8eS5O4u7j3IR/yr/GQsa4gIpjw6kQOgn8lUdnSTlpnERTbQ==
  
  "@sapphire/utilities@^3.11.0":
    version "3.11.0"
    resolved "https://registry.yarnpkg.com/@sapphire/utilities/-/utilities-3.11.0.tgz#2dccfb332dc5c119e1425cce6b2c64160b770bad"
    integrity sha512-ich7J+329UTEgWxgk8b871rMhbFW/hvXdabdiKaUKd6g10eIMkIakWf+EGkDQsiDSiebIXll9TIPPmWtN3cVSw==
  
  "@types/node-fetch@^2.6.2":
    version "2.6.2"
    resolved "https://registry.yarnpkg.com/@types/node-fetch/-/node-fetch-2.6.2.tgz#d1a9c5fd049d9415dce61571557104dec3ec81da"
    integrity sha512-DHqhlq5jeESLy19TYhLakJ07kNumXWjcDdxXsLUMJZ6ue8VZJj4kLPQVE/2mdHh3xZziNF1xppu5lwmS53HR+A==
    dependencies:
      "@types/node" "*"
      form-data "^3.0.0"
  
  "@types/node@*":
    version "18.11.18"
    resolved "https://registry.yarnpkg.com/@types/node/-/node-18.11.18.tgz#8dfb97f0da23c2293e554c5a50d61ef134d7697f"
    integrity sha512-DHQpWGjyQKSHj3ebjFI/wRKcqQcdR+MoFBygntYOZytCqNfkd2ZC4ARDJ2DQqhjH5p85Nnd3jhUJIXrszFX/JA==
  
  "@types/ws@^8.5.3":
    version "8.5.4"
    resolved "https://registry.yarnpkg.com/@types/ws/-/ws-8.5.4.tgz#bb10e36116d6e570dd943735f86c933c1587b8a5"
    integrity sha512-zdQDHKUgcX/zBc4GrwsE/7dVdAD8JR4EuiAXiiUhhfyIJXXb2+PrGshFyeXWQPMmmZ2XxgaqclgpIC7eTXc1mg==
    dependencies:
      "@types/node" "*"
  
  asynckit@^0.4.0:
    version "0.4.0"
    resolved "https://registry.yarnpkg.com/asynckit/-/asynckit-0.4.0.tgz#c79ed97f7f34cb8f2ba1bc9790bcc366474b4b79"
    integrity sha512-Oei9OH4tRh0YqU3GxhX79dM/mwVgvbZJaSNaRk+bshkj0S5cfHcgYakreBjrHwatXKbz+IoIdYLxrKim2MjW0Q==
  
  combined-stream@^1.0.8:
    version "1.0.8"
    resolved "https://registry.yarnpkg.com/combined-stream/-/combined-stream-1.0.8.tgz#c3d45a8b34fd730631a110a8a2520682b31d5a7f"
    integrity sha512-FQN4MRfuJeHf7cBbBMJFXhKSDq+2kAArBlmRBvcvFE5BB1HZKXtSFASDhdlz9zOYwxh8lDdnvmMOe/+5cdoEdg==
    dependencies:
      delayed-stream "~1.0.0"
  
  delayed-stream@~1.0.0:
    version "1.0.0"
    resolved "https://registry.yarnpkg.com/delayed-stream/-/delayed-stream-1.0.0.tgz#df3ae199acadfb7d440aaae0b29e2272b24ec619"
    integrity sha512-ZySD7Nf91aLB0RxL4KGrKHBXl7Eds1DAmEdcoVawXnLD7SDhpNgtuII2aAkg7a7QS41jxPSZ17p4VdGnMHk3MQ==
  
  discord-api-types@^0.33.5:
    version "0.33.5"
    resolved "https://registry.yarnpkg.com/discord-api-types/-/discord-api-types-0.33.5.tgz#6548b70520f7b944c60984dca4ab58654d664a12"
    integrity sha512-dvO5M52v7m7Dy96+XUnzXNsQ/0npsYpU6dL205kAtEDueswoz3aU3bh1UMoK4cQmcGtB1YRyLKqp+DXi05lzFg==
  
  discord-api-types@^0.36.2, discord-api-types@^0.36.3:
    version "0.36.3"
    resolved "https://registry.yarnpkg.com/discord-api-types/-/discord-api-types-0.36.3.tgz#a931b7e57473a5c971d6937fa5f392eb30047579"
    integrity sha512-bz/NDyG0KBo/tY14vSkrwQ/n3HKPf87a0WFW/1M9+tXYK+vp5Z5EksawfCWo2zkAc6o7CClc0eff1Pjrqznlwg==
  
  discord.js@13.x:
    version "13.12.0"
    resolved "https://registry.yarnpkg.com/discord.js/-/discord.js-13.12.0.tgz#e4839c14a02b1947e063b72f09a49b11336a58f5"
    integrity sha512-K5qhREsYcTHkEqt7+7LcSoXTeQYZpI+SQRs9ei/FhbhUpirmjqFtN99P8W2mrKUyhhy7WXWm7rnna0AooKtIpw==
    dependencies:
      "@discordjs/builders" "^0.16.0"
      "@discordjs/collection" "^0.7.0"
      "@sapphire/async-queue" "^1.5.0"
      "@types/node-fetch" "^2.6.2"
      "@types/ws" "^8.5.3"
      discord-api-types "^0.33.5"
      form-data "^4.0.0"
      node-fetch "^2.6.7"
      ws "^8.9.0"
  
  dotenv@^16.0.3:
    version "16.0.3"
    resolved "https://registry.yarnpkg.com/dotenv/-/dotenv-16.0.3.tgz#115aec42bac5053db3c456db30cc243a5a836a07"
    integrity sha512-7GO6HghkA5fYG9TYnNxi14/7K9f5occMlp3zXAuSxn7CKCxt9xbNWG7yF8hTCSUchlfWSe3uLmlPfigevRItzQ==
  
  fast-deep-equal@^3.1.3:
    version "3.1.3"
    resolved "https://registry.yarnpkg.com/fast-deep-equal/-/fast-deep-equal-3.1.3.tgz#3a7d56b559d6cbc3eb512325244e619a65c6c525"
    integrity sha512-f3qQ9oQy9j2AhBe/H9VC91wLmKBCCU/gDOnKNAYG5hswO7BLKj09Hc5HYNz9cGI++xlpDCIgDaitVs03ATR84Q==
  
  form-data@^3.0.0:
    version "3.0.1"
    resolved "https://registry.yarnpkg.com/form-data/-/form-data-3.0.1.tgz#ebd53791b78356a99af9a300d4282c4d5eb9755f"
    integrity sha512-RHkBKtLWUVwd7SqRIvCZMEvAMoGUp0XU+seQiZejj0COz3RI3hWP4sCv3gZWWLjJTd7rGwcsF5eKZGii0r/hbg==
    dependencies:
      asynckit "^0.4.0"
      combined-stream "^1.0.8"
      mime-types "^2.1.12"
  
  form-data@^4.0.0:
    version "4.0.0"
    resolved "https://registry.yarnpkg.com/form-data/-/form-data-4.0.0.tgz#93919daeaf361ee529584b9b31664dc12c9fa452"
    integrity sha512-ETEklSGi5t0QMZuiXoA/Q6vcnxcLQP5vdugSpuAyi6SVGi2clPPp+xgEhuMaHC+zGgn31Kd235W35f7Hykkaww==
    dependencies:
      asynckit "^0.4.0"
      combined-stream "^1.0.8"
      mime-types "^2.1.12"
  
  lodash@^4.17.21:
    version "4.17.21"
    resolved "https://registry.yarnpkg.com/lodash/-/lodash-4.17.21.tgz#679591c564c3bffaae8454cf0b3df370c3d6911c"
    integrity sha512-v2kDEe57lecTulaDIuNTPy3Ry4gLGJ6Z1O3vE1krgXZNrsQ+LFTGHVxVjcXPs17LhbZVGedAJv8XZ1tvj5FvSg==
  
  mime-db@1.52.0:
    version "1.52.0"
    resolved "https://registry.yarnpkg.com/mime-db/-/mime-db-1.52.0.tgz#bbabcdc02859f4987301c856e3387ce5ec43bf70"
    integrity sha512-sPU4uV7dYlvtWJxwwxHD0PuihVNiE7TyAbQ5SWxDCB9mUYvOgroQOwYQQOKPJ8CIbE+1ETVlOoK1UC2nU3gYvg==
  
  mime-types@^2.1.12:
    version "2.1.35"
    resolved "https://registry.yarnpkg.com/mime-types/-/mime-types-2.1.35.tgz#381a871b62a734450660ae3deee44813f70d959a"
    integrity sha512-ZDY+bPm5zTTF+YpCrAU9nK0UgICYPT0QtT1NZWFv4s++TNkcgVaT0g6+4R2uI4MjQjzysHB1zxuWL50hzaeXiw==
    dependencies:
      mime-db "1.52.0"
  
  node-fetch@^2.6.7:
    version "2.6.7"
    resolved "https://registry.yarnpkg.com/node-fetch/-/node-fetch-2.6.7.tgz#24de9fba827e3b4ae44dc8b20256a379160052ad"
    integrity sha512-ZjMPFEfVx5j+y2yF35Kzx5sF7kDzxuDj6ziH4FFbOp87zKDZNx8yExJIb05OGF4Nlt9IHFIMBkRl41VdvcNdbQ==
    dependencies:
      whatwg-url "^5.0.0"
  
  tr46@~0.0.3:
    version "0.0.3"
    resolved "https://registry.yarnpkg.com/tr46/-/tr46-0.0.3.tgz#8184fd347dac9cdc185992f3a6622e14b9d9ab6a"
    integrity sha512-N3WMsuqV66lT30CrXNbEjx4GEwlow3v6rr4mCcv6prnfwhS01rkgyFdjPNBYd9br7LpXV1+Emh01fHnq2Gdgrw==
  
  ts-mixer@^6.0.1:
    version "6.0.2"
    resolved "https://registry.yarnpkg.com/ts-mixer/-/ts-mixer-6.0.2.tgz#3e4e4bb8daffb24435f6980b15204cb5b287e016"
    integrity sha512-zvHx3VM83m2WYCE8XL99uaM7mFwYSkjR2OZti98fabHrwkjsCvgwChda5xctein3xGOyaQhtTeDq/1H/GNvF3A==
  
  tslib@^2.4.0, tslib@^2.4.1:
    version "2.4.1"
    resolved "https://registry.yarnpkg.com/tslib/-/tslib-2.4.1.tgz#0d0bfbaac2880b91e22df0768e55be9753a5b17e"
    integrity sha512-tGyy4dAjRIEwI7BzsB0lynWgOpfqjUdq91XXAlIWD2OwKBH7oCl/GZG/HT4BOHrTlPMOASlMQ7veyTqpmRcrNA==
  
  webidl-conversions@^3.0.0:
    version "3.0.1"
    resolved "https://registry.yarnpkg.com/webidl-conversions/-/webidl-conversions-3.0.1.tgz#24534275e2a7bc6be7bc86611cc16ae0a5654871"
    integrity sha512-2JAn3z8AR6rjK8Sm8orRC0h/bcl/DqL7tRPdGZ4I1CjdF+EaMLmYxBHyXuKL849eucPFhvBoxMsflfOb8kxaeQ==
  
  whatwg-url@^5.0.0:
    version "5.0.0"
    resolved "https://registry.yarnpkg.com/whatwg-url/-/whatwg-url-5.0.0.tgz#966454e8765462e37644d3626f6742ce8b70965d"
    integrity sha512-saE57nupxk6v3HY35+jzBwYa0rKSy0XR8JSxZPwgLr7ys0IBzhGviA1/TUGJLmSVqs8pb9AnvICXEuOHLprYTw==
    dependencies:
      tr46 "~0.0.3"
      webidl-conversions "^3.0.0"
  
  ws@^8.9.0:
    version "8.11.0"
    resolved "https://registry.yarnpkg.com/ws/-/ws-8.11.0.tgz#6a0d36b8edfd9f96d8b25683db2f8d7de6e8e143"
    integrity sha512-HPG3wQd9sNQoT9xHyNCXoDUa+Xw/VevmY9FoHyQ+g+rrMn4j6FB4np7Z0OhdTgjx6MgQLK7jwSy1YecU1+4Asg==
